
OS DADOS UTILIZADOS ESTÃO ALOCADOS NOS SEGUINTES CAMINHOS:

/home/sifapsc/scripts/matheus/RS_saude_precisao/dados/



[92mMeteoro PoA
[0m            data  pressao   temp  umidade  ...  tmax  urmin  urmax  amplitude_t
0     2001-10-04  1013.87  19.30    82.33  ...  21.5   77.0   90.0          3.9
1     2001-10-05  1018.33  19.40    81.67  ...  22.0   71.0   91.0          4.0
2     2001-10-06  1020.40  20.27    80.67  ...  24.0   64.0   95.0          6.6
3     2001-10-09  1013.50  21.90    71.67  ...  27.0   46.0   89.0          7.7
4     2001-10-10  1015.43  22.80    63.67  ...  26.3   52.0   70.0          5.4
...          ...      ...    ...      ...  ...   ...    ...    ...          ...
7580  2022-12-27  1013.00  24.03    62.67  ...  27.7   47.0   74.0          6.8
7581  2022-12-28  1010.37  22.53    76.33  ...  26.5   55.0   96.0          7.2
7582  2022-12-29  1012.27  24.97    64.67  ...  28.5   47.0   74.0          5.6
7583  2022-12-30  1014.40  25.97    54.67  ...  32.0   36.0   70.0         10.8
7584  2022-12-31  1012.83  29.27    53.33  ...  35.4   33.0   68.0         10.8

[7585 rows x 12 columns]


[92mIAM1
[0m           data  total  I219  ...  porcent_top15  total_top20  porcent_top20
0    2001-11-21   11.0   2.0  ...          90.91         11.0         100.00
1    2002-01-10   11.0   2.0  ...          90.91         11.0         100.00
2    2002-01-13   12.0   5.0  ...          91.67         11.0          91.67
3    2002-01-19   12.0   3.0  ...          75.00         10.0          83.33
4    2002-02-12   11.0   1.0  ...          63.64          8.0          72.73
..          ...    ...   ...  ...            ...          ...            ...
338  2022-08-26   13.0   1.0  ...          69.23         10.0          76.92
339  2022-10-27   15.0   3.0  ...          66.67         10.0          66.67
340  2022-10-29   13.0   3.0  ...          69.23         10.0          76.92
341  2022-11-17   13.0   2.0  ...          76.92         10.0          76.92
342  2022-12-10   12.0   4.0  ...          58.33          8.0          66.67

[343 rows x 30 columns]


[92mIAM2
[0m          data  total  I219  ...  porcent_top15  total_top20  porcent_top20
0   2002-01-19   12.0   3.0  ...          75.00         10.0          83.33
1   2002-03-15   18.0   4.0  ...          77.78         15.0          83.33
2   2002-05-10   18.0   5.0  ...          83.33         16.0          88.89
3   2002-06-28   16.0   3.0  ...          75.00         12.0          75.00
4   2002-09-11   14.0   1.0  ...          85.71         13.0          92.86
..         ...    ...   ...  ...            ...          ...            ...
70  2021-01-16   12.0   0.0  ...          83.33         11.0          91.67
71  2021-12-13   12.0   1.0  ...          50.00          7.0          58.33
72  2022-01-16   14.0   2.0  ...          78.57         13.0          92.86
73  2022-01-25   17.0   3.0  ...          88.24         17.0         100.00
74  2022-10-27   15.0   3.0  ...          66.67         10.0          66.67

[75 rows x 30 columns]


[92mIAM3
[0m            data  total  I219  ...  porcent_top15  total_top20  porcent_top20
0     2001-10-05   10.0   3.0  ...          80.00          8.0          80.00
1     2001-10-20    9.0   3.0  ...         100.00          9.0         100.00
2     2001-10-25    9.0   1.0  ...         100.00          9.0         100.00
3     2001-10-26   12.0   4.0  ...          66.67          9.0          75.00
4     2001-10-27   10.0   1.0  ...          90.00          9.0          90.00
...          ...    ...   ...  ...            ...          ...            ...
1700  2022-12-08    9.0   0.0  ...          66.67          7.0          77.78
1701  2022-12-10   12.0   4.0  ...          58.33          8.0          66.67
1702  2022-12-20   10.0   2.0  ...          60.00          6.0          60.00
1703  2022-12-23    9.0   2.0  ...          66.67          6.0          66.67
1704  2022-12-30    8.0   3.0  ...          87.50          7.0          87.50

[1705 rows x 30 columns]


[92mIAM4
[0m           data  total  I219  ...  porcent_top15  total_top20  porcent_top20
0    2002-01-10   11.0   2.0  ...          90.91         11.0         100.00
1    2002-01-13   12.0   5.0  ...          91.67         11.0          91.67
2    2002-01-19   12.0   3.0  ...          75.00         10.0          83.33
3    2002-02-12   11.0   1.0  ...          63.64          8.0          72.73
4    2002-02-13   11.0   2.0  ...         100.00         11.0         100.00
..          ...    ...   ...  ...            ...          ...            ...
180  2022-07-08   16.0   2.0  ...          68.75         13.0          81.25
181  2022-08-02   14.0   1.0  ...          64.29         12.0          85.71
182  2022-10-27   15.0   3.0  ...          66.67         10.0          66.67
183  2022-10-29   13.0   3.0  ...          69.23         10.0          76.92
184  2022-12-10   12.0   4.0  ...          58.33          8.0          66.67

[185 rows x 30 columns]


[92mIAM4.columns
[0mIndex(['data', 'total', 'I219', 'I259', 'I64', 'I694', 'I639', 'I619', 'I110',
       'I678', 'I500', 'I509', 'I48', 'I693', 'I10', 'I420', 'I350', 'I255',
       'I501', 'I269', 'I120', 'I119', 'total_top5', 'porcent_top5',
       'total_top10', 'porcent_top10', 'total_top15', 'porcent_top15',
       'total_top20', 'porcent_top20'],
      dtype='object')


[92mIAM1 INNER
[0m           data  pressao   temp  ...  porcent_top15  total_top20  porcent_top20
0    2001-11-21  1011.50  28.57  ...          90.91         11.0         100.00
1    2002-01-10  1021.43  26.13  ...          90.91         11.0         100.00
2    2002-01-13  1010.90  26.40  ...          91.67         11.0          91.67
3    2002-01-19  1016.83  25.00  ...          75.00         10.0          83.33
4    2002-02-12  1015.57  25.67  ...          63.64          8.0          72.73
..          ...      ...    ...  ...            ...          ...            ...
338  2022-08-26  1018.60  23.17  ...          69.23         10.0          76.92
339  2022-10-27  1009.07  24.03  ...          66.67         10.0          66.67
340  2022-10-29  1007.23  26.20  ...          69.23         10.0          76.92
341  2022-11-17  1018.20  25.50  ...          76.92         10.0          76.92
342  2022-12-10  1008.27  27.90  ...          58.33          8.0          66.67

[343 rows x 41 columns]


[92mIAM2 INNER
[0m          data  pressao   temp  ...  porcent_top15  total_top20  porcent_top20
0   2002-01-19  1016.83  25.00  ...          75.00         10.0          83.33
1   2002-03-15  1011.33  30.20  ...          77.78         15.0          83.33
2   2002-05-10  1021.00  19.73  ...          83.33         16.0          88.89
3   2002-06-28  1017.23  20.37  ...          75.00         12.0          75.00
4   2002-09-11  1017.50  18.33  ...          85.71         13.0          92.86
..         ...      ...    ...  ...            ...          ...            ...
70  2021-01-16  1006.50  25.20  ...          83.33         11.0          91.67
71  2021-12-13  1008.27  27.47  ...          50.00          7.0          58.33
72  2022-01-16  1005.30  33.30  ...          78.57         13.0          92.86
73  2022-01-25  1009.47  31.57  ...          88.24         17.0         100.00
74  2022-10-27  1009.07  24.03  ...          66.67         10.0          66.67

[75 rows x 41 columns]


[92mIAM3 INNER
[0m            data  pressao   temp  ...  porcent_top15  total_top20  porcent_top20
0     2001-10-05  1018.33  19.40  ...          80.00          8.0          80.00
1     2001-10-20  1007.43  26.27  ...         100.00          9.0         100.00
2     2001-10-25  1019.27  25.17  ...         100.00          9.0         100.00
3     2001-10-26  1015.47  25.97  ...          66.67          9.0          75.00
4     2001-10-27  1012.60  27.80  ...          90.00          9.0          90.00
...          ...      ...    ...  ...            ...          ...            ...
1700  2022-12-08  1008.13  27.67  ...          66.67          7.0          77.78
1701  2022-12-10  1008.27  27.90  ...          58.33          8.0          66.67
1702  2022-12-20  1014.77  23.93  ...          60.00          6.0          60.00
1703  2022-12-23  1013.20  26.37  ...          66.67          6.0          66.67
1704  2022-12-30  1014.40  25.97  ...          87.50          7.0          87.50

[1705 rows x 41 columns]


[92mIAM4 INNER
[0m           data  pressao   temp  ...  porcent_top15  total_top20  porcent_top20
0    2002-01-10  1021.43  26.13  ...          90.91         11.0         100.00
1    2002-01-13  1010.90  26.40  ...          91.67         11.0          91.67
2    2002-01-19  1016.83  25.00  ...          75.00         10.0          83.33
3    2002-02-12  1015.57  25.67  ...          63.64          8.0          72.73
4    2002-02-13  1014.03  25.13  ...         100.00         11.0         100.00
..          ...      ...    ...  ...            ...          ...            ...
180  2022-07-08  1023.00  14.87  ...          68.75         13.0          81.25
181  2022-08-02  1018.17  14.27  ...          64.29         12.0          85.71
182  2022-10-27  1009.07  24.03  ...          66.67         10.0          66.67
183  2022-10-29  1007.23  26.20  ...          69.23         10.0          76.92
184  2022-12-10  1008.27  27.90  ...          58.33          8.0          66.67

[185 rows x 41 columns]


[92mIAM4 INNER (COLUMNS)
[0mIndex(['data', 'pressao', 'temp', 'umidade', 'ventodir', 'ventovel', 'prec',
       'tmin', 'tmax', 'urmin', 'urmax', 'amplitude_t', 'total', 'I219',
       'I259', 'I64', 'I694', 'I639', 'I619', 'I110', 'I678', 'I500', 'I509',
       'I48', 'I693', 'I10', 'I420', 'I350', 'I255', 'I501', 'I269', 'I120',
       'I119', 'total_top5', 'porcent_top5', 'total_top10', 'porcent_top10',
       'total_top15', 'porcent_top15', 'total_top20', 'porcent_top20'],
      dtype='object')


[92mmatriz_correlacao_pearson_IAM1_top20_Porto_Alegre.pdf
[0m              pressao      temp   umidade  ...      I269      I120      I119
pressao      1.000000 -0.693653  0.045749  ... -0.009932 -0.019625  0.098947
temp        -0.693653  1.000000 -0.408092  ...  0.057700 -0.000248 -0.078077
umidade      0.045749 -0.408092  1.000000  ... -0.059397  0.021798 -0.063202
ventodir    -0.210352  0.034121 -0.161892  ... -0.062601  0.063693  0.058828
ventovel    -0.050903  0.007331 -0.147334  ...  0.019151  0.003722  0.020813
prec        -0.252340 -0.053375  0.438161  ...  0.028156  0.079804 -0.036821
tmin        -0.713889  0.975693 -0.310143  ...  0.020573 -0.004155 -0.094409
tmax        -0.596562  0.950935 -0.506115  ...  0.082272 -0.004941 -0.061410
urmin       -0.034466 -0.296682  0.891799  ... -0.048009  0.034654 -0.089065
urmax        0.072005 -0.416838  0.880459  ... -0.023027  0.004153 -0.019440
amplitude_t  0.126445  0.101034 -0.443796  ...  0.127794 -0.002230  0.052031
total        0.229154 -0.318122  0.144890  ...  0.028770  0.118730  0.082999
I219         0.100400 -0.177903  0.180780  ... -0.036119 -0.106719 -0.022727
I259         0.078097 -0.137902  0.037265  ... -0.098850  0.025352  0.049975
I64         -0.026473 -0.029918  0.050121  ...  0.034784 -0.021661 -0.008619
I694         0.047953 -0.025863  0.009456  ...  0.034521 -0.089442 -0.045723
I639        -0.024528  0.011973  0.029268  ... -0.123762  0.017311  0.019844
I619        -0.000456 -0.014678 -0.032478  ...  0.021080  0.010541 -0.019533
I110         0.035403  0.023772 -0.144556  ... -0.014448  0.026075 -0.018681
I678         0.056607 -0.105149  0.082541  ...  0.039958 -0.044891  0.054850
I500         0.009958 -0.002769  0.003191  ...  0.138203  0.037254  0.018712
I509         0.121591 -0.113234  0.002685  ... -0.011642  0.041450 -0.015273
I48         -0.014451  0.027393 -0.075047  ... -0.087071  0.077054 -0.011009
I693        -0.067247  0.075433 -0.019310  ...  0.041894  0.042848 -0.042023
I10         -0.012643  0.019441 -0.028885  ... -0.076158  0.103675  0.009246
I420         0.030170  0.010972  0.016935  ...  0.044270 -0.060265  0.065391
I350         0.061985 -0.002932 -0.008375  ... -0.033440  0.015563 -0.009749
I255        -0.011034  0.042283  0.019095  ...  0.012718  0.036810 -0.073906
I501         0.027217 -0.122750  0.136996  ...  0.020005 -0.061448 -0.034992
I269        -0.009932  0.057700 -0.059397  ...  1.000000  0.023374 -0.042286
I120        -0.019625 -0.000248  0.021798  ...  0.023374  1.000000  0.131163
I119         0.098947 -0.078077 -0.063202  ... -0.042286  0.131163  1.000000

[32 rows x 32 columns]


[92mSALVO COM SUCESSO!

			[36mENCAMINHAMENTO: /home/sifapsc/scripts/matheus/RS_saude_precisao/resultados/porto_alegre/correlacoes/

			NOME DO ARQUIVO: matriz_correlacao_pearson_IAM1_top20_Porto_Alegre.pdf[0m


[92mmatriz_correlacao_spearman_IAM1_top20_Porto_Alegre.pdf
[0m              pressao      temp   umidade  ...      I269      I120      I119
pressao      1.000000 -0.664265  0.026530  ... -0.012090 -0.043215  0.082337
temp        -0.664265  1.000000 -0.430391  ...  0.069361  0.002890 -0.057622
umidade      0.026530 -0.430391  1.000000  ... -0.066657  0.025322 -0.067544
ventodir    -0.233592  0.062163 -0.136883  ... -0.078573  0.051471  0.066470
ventovel    -0.058966  0.058583 -0.180808  ...  0.030333 -0.005873  0.041490
prec        -0.261000 -0.125466  0.564503  ... -0.022245  0.075903 -0.001620
tmin        -0.692293  0.972607 -0.325872  ...  0.025797 -0.000888 -0.067288
tmax        -0.557936  0.946315 -0.520648  ...  0.094013 -0.003036 -0.048983
urmin       -0.050655 -0.303916  0.878120  ... -0.057238  0.034630 -0.080307
urmax        0.042285 -0.436502  0.881421  ... -0.036716  0.004636 -0.025007
amplitude_t  0.134279  0.138060 -0.445763  ...  0.126741 -0.028108  0.031459
total        0.250911 -0.387422  0.206751  ...  0.050108  0.094640  0.056068
I219         0.101987 -0.170658  0.149131  ... -0.038773 -0.087514 -0.031445
I259         0.116534 -0.138641  0.037682  ... -0.107600  0.005228  0.047207
I64         -0.043493  0.013878  0.030938  ...  0.034944 -0.036910  0.008763
I694         0.034116 -0.032455  0.072866  ...  0.033760 -0.142501 -0.059169
I639        -0.036674 -0.000147  0.033425  ... -0.119805  0.048377  0.013377
I619        -0.015937 -0.004757 -0.028121  ...  0.029622  0.009689 -0.013456
I110         0.015580  0.020874 -0.110465  ...  0.003929 -0.001250 -0.012841
I678         0.100477 -0.125011  0.080631  ...  0.053657 -0.062816  0.017073
I500         0.026272 -0.021220  0.003180  ...  0.121181  0.011011 -0.051592
I509         0.113124 -0.111254 -0.007620  ...  0.000137  0.044058 -0.012885
I48         -0.039805  0.057095 -0.100076  ... -0.084520  0.046138 -0.007634
I693        -0.055446  0.045515  0.027969  ...  0.019186  0.021239 -0.047491
I10         -0.048374  0.058385 -0.063543  ... -0.068215  0.091201  0.019979
I420         0.055604 -0.027806  0.024456  ...  0.050927 -0.071385  0.067112
I350         0.048534  0.012449 -0.013562  ... -0.025323 -0.004268 -0.016864
I255        -0.022876  0.034069  0.022027  ...  0.020900  0.074162 -0.082490
I501         0.006050 -0.116439  0.119424  ... -0.011059 -0.061120 -0.032243
I269        -0.012090  0.069361 -0.066657  ...  1.000000  0.003422 -0.041309
I120        -0.043215  0.002890  0.025322  ...  0.003422  1.000000  0.108390
I119         0.082337 -0.057622 -0.067544  ... -0.041309  0.108390  1.000000

[32 rows x 32 columns]


[92mSALVO COM SUCESSO!

			[36mENCAMINHAMENTO: /home/sifapsc/scripts/matheus/RS_saude_precisao/resultados/porto_alegre/correlacoes/

			NOME DO ARQUIVO: matriz_correlacao_spearman_IAM1_top20_Porto_Alegre.pdf[0m


[92mmatriz_correlacao_pearson_IAM2_top20_Porto_Alegre.pdf
[0m              pressao      temp   umidade  ...      I269      I120      I119
pressao      1.000000 -0.718617  0.111792  ...  0.112832 -0.153620  0.212872
temp        -0.718617  1.000000 -0.433639  ... -0.100088  0.054764 -0.190778
umidade      0.111792 -0.433639  1.000000  ...  0.062805 -0.090998  0.007915
ventodir    -0.094451 -0.083206 -0.206700  ... -0.073755  0.145445 -0.055157
ventovel     0.080866 -0.188112  0.063591  ...  0.037400  0.198069 -0.068247
prec        -0.207389 -0.025746  0.471501  ...  0.051953  0.024702 -0.089523
tmin        -0.731064  0.980022 -0.343446  ... -0.088196  0.061905 -0.231072
tmax        -0.639055  0.961513 -0.535976  ... -0.141689  0.029332 -0.115917
urmin        0.012465 -0.317697  0.886676  ...  0.137148 -0.021499 -0.092798
urmax        0.160297 -0.480716  0.904795  ... -0.007485 -0.148655  0.076353
amplitude_t  0.058509  0.155829 -0.499335  ... -0.137283 -0.060331  0.210834
total        0.130717 -0.123512  0.012310  ...  0.000641  0.180433  0.176253
I219         0.117343 -0.070417 -0.009824  ... -0.010736 -0.218960  0.129872
I259         0.265839 -0.273232  0.149530  ... -0.052806  0.144965  0.114143
I64          0.073757 -0.192679  0.058047  ... -0.179966  0.079578  0.041585
I694        -0.062492  0.248116 -0.174338  ...  0.004520  0.004608 -0.101416
I639        -0.130196  0.202738 -0.133800  ... -0.203313  0.016865  0.259880
I619        -0.082113  0.068436 -0.074688  ...  0.098180  0.075355 -0.078781
I110        -0.106867  0.118120 -0.016669  ... -0.004980  0.000692 -0.152144
I678         0.024770 -0.145274  0.092312  ... -0.106033  0.085597  0.017710
I500         0.086894 -0.048324 -0.074092  ...  0.254430  0.259348  0.311626
I509         0.121487 -0.257440  0.124489  ... -0.034971  0.045369 -0.141919
I48         -0.119025  0.067097 -0.126537  ... -0.115142 -0.064018 -0.010204
I693        -0.171470  0.210990  0.112122  ...  0.202036 -0.005912 -0.085755
I10         -0.028833  0.086523 -0.023046  ... -0.163319  0.031432 -0.011690
I420         0.024243  0.035063  0.124498  ... -0.003432  0.036261  0.094756
I350        -0.113287  0.095577 -0.160393  ... -0.118480 -0.003137 -0.097999
I255        -0.238527  0.218807 -0.000405  ...  0.040714  0.084374 -0.119397
I501         0.242172 -0.229626  0.204698  ...  0.142672 -0.105311  0.028994
I269         0.112832 -0.100088  0.062805  ...  1.000000  0.176908  0.004700
I120        -0.153620  0.054764 -0.090998  ...  0.176908  1.000000  0.178990
I119         0.212872 -0.190778  0.007915  ...  0.004700  0.178990  1.000000

[32 rows x 32 columns]


[92mSALVO COM SUCESSO!

			[36mENCAMINHAMENTO: /home/sifapsc/scripts/matheus/RS_saude_precisao/resultados/porto_alegre/correlacoes/

			NOME DO ARQUIVO: matriz_correlacao_pearson_IAM2_top20_Porto_Alegre.pdf[0m


[92mmatriz_correlacao_spearman_IAM2_top20_Porto_Alegre.pdf
[0m              pressao      temp   umidade  ...      I269      I120      I119
pressao      1.000000 -0.677706  0.061670  ...  0.083393 -0.214708  0.219188
temp        -0.677706  1.000000 -0.432828  ... -0.042646  0.108541 -0.171769
umidade      0.061670 -0.432828  1.000000  ...  0.052125 -0.113952  0.035523
ventodir    -0.097776 -0.043348 -0.211413  ... -0.104402  0.125310 -0.043247
ventovel     0.082923 -0.078814  0.057482  ...  0.088145  0.163951  0.044894
prec        -0.227381 -0.171858  0.622610  ...  0.061120  0.022849  0.047310
tmin        -0.708404  0.963544 -0.305870  ... -0.042648  0.118370 -0.182415
tmax        -0.549395  0.924432 -0.571153  ... -0.093828  0.073838 -0.105190
urmin       -0.021417 -0.308119  0.885793  ...  0.138459 -0.057074 -0.044229
urmax        0.089918 -0.451190  0.911756  ... -0.037955 -0.168416  0.078209
amplitude_t  0.063946  0.164709 -0.525115  ... -0.156374 -0.064591  0.110660
total        0.202475 -0.225212  0.102880  ...  0.063305  0.179867  0.219237
I219         0.116650 -0.059257 -0.006336  ... -0.014454 -0.197685  0.112329
I259         0.281815 -0.290506  0.149148  ... -0.034737  0.111547  0.120318
I64          0.051301 -0.105822  0.000347  ... -0.206772  0.095293  0.111774
I694         0.028858  0.151989 -0.044052  ...  0.008040 -0.020911 -0.081096
I639        -0.158952  0.247173 -0.110657  ... -0.216572  0.065793  0.269801
I619        -0.058443  0.119079 -0.092371  ...  0.146376  0.040817 -0.110378
I110        -0.066418  0.079187 -0.013362  ... -0.013418 -0.016489 -0.152188
I678         0.107533 -0.177941  0.080751  ... -0.085262  0.071421  0.056818
I500         0.092946 -0.044721 -0.065973  ...  0.249280  0.188480  0.183847
I509         0.082333 -0.236888  0.065345  ... -0.020500  0.036722 -0.141086
I48         -0.146662  0.104044 -0.193086  ... -0.113580 -0.043814 -0.067193
I693        -0.151047  0.159638  0.158997  ...  0.141678 -0.063219 -0.048558
I10         -0.054024  0.087899 -0.072913  ... -0.169120  0.065228 -0.009277
I420         0.073859 -0.059849  0.169155  ...  0.015001  0.011531  0.069834
I350        -0.088924  0.100573 -0.151395  ... -0.118480  0.007185 -0.102881
I255        -0.221799  0.154927  0.049262  ...  0.072545  0.156379 -0.132688
I501         0.102989 -0.215547  0.196222  ...  0.052405 -0.115501  0.069788
I269         0.083393 -0.042646  0.052125  ...  1.000000  0.109335  0.020675
I120        -0.214708  0.108541 -0.113952  ...  0.109335  1.000000  0.154185
I119         0.219188 -0.171769  0.035523  ...  0.020675  0.154185  1.000000

[32 rows x 32 columns]


[92mSALVO COM SUCESSO!

			[36mENCAMINHAMENTO: /home/sifapsc/scripts/matheus/RS_saude_precisao/resultados/porto_alegre/correlacoes/

			NOME DO ARQUIVO: matriz_correlacao_spearman_IAM2_top20_Porto_Alegre.pdf[0m


[92mmatriz_correlacao_pearson_IAM3_top20_Porto_Alegre.pdf
[0m              pressao      temp   umidade  ...      I269      I120      I119
pressao      1.000000 -0.674187  0.055911  ... -0.008895 -0.012890  0.037597
temp        -0.674187  1.000000 -0.418060  ... -0.006207 -0.014777 -0.025744
umidade      0.055911 -0.418060  1.000000  ... -0.005142  0.027964 -0.037940
ventodir    -0.140864 -0.030636 -0.131897  ... -0.027138  0.011008  0.041691
ventovel    -0.080387  0.028393 -0.180364  ... -0.034258  0.000583  0.018406
prec        -0.209220 -0.080629  0.425098  ... -0.024649  0.059818 -0.002578
tmin        -0.693466  0.969605 -0.301830  ... -0.011183 -0.015894 -0.027209
tmax        -0.569352  0.941013 -0.523496  ... -0.001337 -0.017599 -0.027007
urmin       -0.040455 -0.287990  0.883087  ...  0.002497  0.032506 -0.041708
urmax        0.113710 -0.449192  0.882360  ...  0.003789  0.023806 -0.013558
amplitude_t  0.117988  0.100115 -0.452842  ...  0.016250 -0.005616 -0.003908
total        0.245190 -0.369516  0.165551  ...  0.041354  0.034915  0.077789
I219         0.120186 -0.196286  0.123433  ... -0.023666 -0.097345  0.001806
I259         0.049135 -0.078103  0.052470  ... -0.006370 -0.002184  0.064728
I64          0.000111 -0.030882  0.086537  ...  0.019986 -0.063535 -0.002974
I694         0.003792  0.037781 -0.023678  ... -0.001848 -0.040086 -0.036342
I639         0.007018 -0.047434  0.013318  ... -0.087882  0.018679  0.003079
I619        -0.000620 -0.029272 -0.031176  ... -0.009319 -0.032463 -0.023779
I110         0.076871 -0.058791 -0.025940  ... -0.040476  0.001961 -0.032590
I678         0.018299 -0.011659  0.018394  ...  0.003510 -0.060049 -0.022715
I500         0.035061 -0.037354  0.000128  ...  0.043278 -0.006895 -0.032406
I509         0.028386 -0.069956  0.038414  ...  0.024690  0.010146 -0.024665
I48          0.010355 -0.033899  0.008625  ... -0.015918  0.004098  0.003518
I693        -0.020571  0.012345 -0.020820  ... -0.017550  0.041010 -0.026312
I10          0.022755 -0.048663  0.012056  ... -0.054439  0.074288  0.050430
I420         0.027519 -0.006955 -0.012251  ...  0.000334 -0.055765  0.007560
I350         0.029044 -0.007641 -0.010035  ... -0.027152 -0.014467 -0.015011
I255         0.040928 -0.037935  0.002973  ... -0.011740  0.024371 -0.020905
I501         0.012628 -0.048236  0.069029  ...  0.020079 -0.037898 -0.015193
I269        -0.008895 -0.006207 -0.005142  ...  1.000000  0.001167 -0.042620
I120        -0.012890 -0.014777  0.027964  ...  0.001167  1.000000  0.007714
I119         0.037597 -0.025744 -0.037940  ... -0.042620  0.007714  1.000000

[32 rows x 32 columns]


[92mSALVO COM SUCESSO!

			[36mENCAMINHAMENTO: /home/sifapsc/scripts/matheus/RS_saude_precisao/resultados/porto_alegre/correlacoes/

			NOME DO ARQUIVO: matriz_correlacao_pearson_IAM3_top20_Porto_Alegre.pdf[0m


[92mmatriz_correlacao_spearman_IAM3_top20_Porto_Alegre.pdf
[0m              pressao      temp   umidade  ...      I269      I120      I119
pressao      1.000000 -0.660004  0.055874  ... -0.015071 -0.021832  0.016705
temp        -0.660004  1.000000 -0.435844  ...  0.009083 -0.013625 -0.020448
umidade      0.055874 -0.435844  1.000000  ... -0.017526  0.024847 -0.031496
ventodir    -0.160281 -0.012368 -0.105435  ... -0.030662  0.003337  0.036766
ventovel    -0.105414  0.076510 -0.199882  ... -0.025284 -0.001523  0.021934
prec        -0.223390 -0.154773  0.607588  ... -0.021330  0.042793  0.002266
tmin        -0.683522  0.967828 -0.317628  ...  0.001097 -0.014918 -0.018645
tmax        -0.551638  0.939500 -0.534710  ...  0.014782 -0.017507 -0.025298
urmin       -0.041835 -0.292709  0.871613  ... -0.004670  0.026519 -0.032073
urmax        0.116987 -0.474778  0.882931  ... -0.011609  0.016877 -0.009092
amplitude_t  0.125014  0.132587 -0.462309  ...  0.021146 -0.016906 -0.011958
total        0.260621 -0.420119  0.203233  ...  0.051280  0.015855  0.061490
I219         0.117555 -0.187244  0.116335  ... -0.011027 -0.086943  0.007730
I259         0.049178 -0.073189  0.045892  ... -0.002516 -0.003569  0.063446
I64         -0.007405 -0.019356  0.076179  ...  0.029318 -0.073096  0.003749
I694        -0.006577  0.031362  0.000101  ... -0.003239 -0.046010 -0.040115
I639         0.013211 -0.045912  0.013776  ... -0.083802  0.023206  0.006203
I619        -0.007849 -0.013358 -0.033264  ... -0.005847 -0.041956 -0.019811
I110         0.073623 -0.060898 -0.022666  ... -0.035864 -0.009446 -0.031766
I678         0.010754  0.008203  0.013590  ...  0.017990 -0.057623 -0.042161
I500         0.034372 -0.042335  0.002462  ...  0.046374 -0.009861 -0.054782
I509         0.023707 -0.068752  0.029644  ...  0.016855  0.017173 -0.015351
I48          0.015067 -0.036900 -0.005626  ... -0.021519 -0.004805  0.012141
I693        -0.005425 -0.003066 -0.009311  ... -0.028645  0.019455 -0.035470
I10          0.012865 -0.041705  0.004910  ... -0.056173  0.071910  0.048486
I420         0.028944 -0.018006 -0.004164  ...  0.003251 -0.057016  0.005790
I350         0.042561 -0.008731 -0.007918  ... -0.021647 -0.011203 -0.010444
I255         0.050158 -0.051224  0.002354  ... -0.015503  0.045453 -0.017863
I501        -0.000896 -0.051464  0.056824  ...  0.021881 -0.035801 -0.011942
I269        -0.015071  0.009083 -0.017526  ...  1.000000 -0.009062 -0.048523
I120        -0.021832 -0.013625  0.024847  ... -0.009062  1.000000  0.006003
I119         0.016705 -0.020448 -0.031496  ... -0.048523  0.006003  1.000000

[32 rows x 32 columns]


[92mSALVO COM SUCESSO!

			[36mENCAMINHAMENTO: /home/sifapsc/scripts/matheus/RS_saude_precisao/resultados/porto_alegre/correlacoes/

			NOME DO ARQUIVO: matriz_correlacao_spearman_IAM3_top20_Porto_Alegre.pdf[0m


[92mmatriz_correlacao_pearson_IAM4_top20_Porto_Alegre.pdf
[0m              pressao      temp   umidade  ...      I269      I120      I119
pressao      1.000000 -0.686252  0.022909  ...  0.069485  0.000845  0.203949
temp        -0.686252  1.000000 -0.354341  ... -0.020839 -0.042919 -0.140830
umidade      0.022909 -0.354341  1.000000  ... -0.033556 -0.016837 -0.104947
ventodir    -0.189329 -0.027107 -0.166570  ... -0.131528  0.099541 -0.011844
ventovel     0.037744 -0.062469 -0.081480  ...  0.045622  0.058163  0.004998
prec        -0.238909 -0.067702  0.490479  ... -0.029509  0.043273 -0.110127
tmin        -0.693680  0.976868 -0.251152  ... -0.040343 -0.034210 -0.174414
tmax        -0.604544  0.954804 -0.462314  ... -0.015972 -0.064779 -0.085364
urmin       -0.038584 -0.235957  0.884059  ...  0.031173  0.043226 -0.148327
urmax        0.023287 -0.372519  0.870518  ... -0.066443 -0.078271 -0.023128
amplitude_t  0.058927  0.132947 -0.486732  ...  0.043472 -0.070067  0.153896
total        0.129702 -0.184627 -0.034662  ... -0.068402  0.189115  0.107891
I219        -0.000604 -0.005695  0.091391  ... -0.037008 -0.110809  0.061301
I259         0.112816 -0.146108  0.023238  ... -0.057976 -0.032010  0.109390
I64          0.035690 -0.072434  0.023704  ... -0.001295 -0.010204 -0.047982
I694        -0.003913  0.035481 -0.018821  ... -0.031900 -0.057522 -0.043170
I639        -0.021668  0.052451 -0.098851  ... -0.125098  0.040057  0.005696
I619         0.000866  0.030650 -0.100476  ... -0.020531  0.077912 -0.020646
I110         0.003532 -0.020910 -0.091390  ... -0.066217 -0.045640 -0.082181
I678         0.042354 -0.079817  0.097109  ... -0.097193  0.023586  0.076121
I500         0.070940 -0.059439 -0.054673  ...  0.072171  0.139310  0.098899
I509         0.015969 -0.051531  0.031365  ...  0.036803  0.038119  0.015613
I48         -0.020262 -0.057280 -0.017248  ... -0.049084  0.056648  0.001777
I693        -0.143266  0.133095  0.021838  ...  0.018271  0.086944 -0.074082
I10          0.020297  0.016818 -0.140105  ... -0.113139  0.121753 -0.007596
I420        -0.012618  0.050968  0.045167  ...  0.127311  0.018223  0.140894
I350        -0.001627  0.060696 -0.105254  ... -0.043763 -0.017140 -0.010484
I255        -0.019031  0.039159  0.025014  ... -0.094448  0.145685 -0.130187
I501         0.007745 -0.064276  0.167715  ...  0.072513 -0.105342 -0.049717
I269         0.069485 -0.020839 -0.033556  ...  1.000000  0.106911 -0.052688
I120         0.000845 -0.042919 -0.016837  ...  0.106911  1.000000  0.134980
I119         0.203949 -0.140830 -0.104947  ... -0.052688  0.134980  1.000000

[32 rows x 32 columns]


[92mSALVO COM SUCESSO!

			[36mENCAMINHAMENTO: /home/sifapsc/scripts/matheus/RS_saude_precisao/resultados/porto_alegre/correlacoes/

			NOME DO ARQUIVO: matriz_correlacao_pearson_IAM4_top20_Porto_Alegre.pdf[0m


[92mmatriz_correlacao_spearman_IAM4_top20_Porto_Alegre.pdf
[0m              pressao      temp   umidade  ...      I269      I120      I119
pressao      1.000000 -0.624546 -0.003954  ...  0.060794 -0.058931  0.184384
temp        -0.624546  1.000000 -0.374270  ... -0.000512 -0.005136 -0.095408
umidade     -0.003954 -0.374270  1.000000  ... -0.052944 -0.007170 -0.113733
ventodir    -0.249535  0.036648 -0.129286  ... -0.147399  0.098670 -0.002459
ventovel     0.021459  0.017213 -0.097685  ...  0.082492  0.039539  0.070956
prec        -0.229175 -0.133539  0.627760  ... -0.061071  0.034676 -0.083397
tmin        -0.640165  0.960482 -0.242997  ... -0.051062 -0.003192 -0.122930
tmax        -0.533150  0.945816 -0.477057  ...  0.013833 -0.027589 -0.064600
urmin       -0.063343 -0.248169  0.868655  ...  0.036221  0.044780 -0.141358
urmax       -0.024209 -0.372900  0.871697  ... -0.087861 -0.074589 -0.047487
amplitude_t  0.053577  0.213391 -0.503181  ...  0.025445 -0.072161  0.108144
total        0.141756 -0.268308  0.037846  ... -0.057454  0.189597  0.080934
I219        -0.008794 -0.004245  0.093105  ... -0.042904 -0.085367  0.038892
I259         0.153147 -0.152134  0.022951  ... -0.055076 -0.060721  0.107237
I64          0.030663 -0.000904 -0.007507  ... -0.014251 -0.026640 -0.035156
I694        -0.008583 -0.010660  0.080876  ... -0.044673 -0.119761 -0.062817
I639        -0.029628  0.036879 -0.094939  ... -0.125518  0.086257 -0.003913
I619         0.038498  0.032794 -0.114572  ... -0.019585  0.049760 -0.015042
I110        -0.005565 -0.036966 -0.059096  ... -0.065976 -0.045439 -0.078816
I678         0.102670 -0.109462  0.126436  ... -0.095826  0.015844  0.030294
I500         0.064018 -0.054159 -0.050532  ...  0.062161  0.076116 -0.008783
I509         0.004707 -0.039810  0.007705  ...  0.029739  0.040935  0.017843
I48         -0.030487 -0.036165 -0.073301  ... -0.042641  0.061001 -0.010791
I693        -0.144647  0.108548  0.069897  ... -0.016716  0.047543 -0.077228
I10         -0.029753  0.038311 -0.157234  ... -0.113986  0.089034  0.003047
I420         0.031452 -0.019284  0.067729  ...  0.124351  0.007161  0.117703
I350         0.037113  0.045054 -0.125248  ... -0.041740 -0.008013 -0.000525
I255        -0.040856  0.035929  0.004294  ... -0.090226  0.186845 -0.142391
I501        -0.054526 -0.043052  0.145557  ...  0.026955 -0.110687 -0.046619
I269         0.060794 -0.000512 -0.052944  ...  1.000000  0.067290 -0.051298
I120        -0.058931 -0.005136 -0.007170  ...  0.067290  1.000000  0.115210
I119         0.184384 -0.095408 -0.113733  ... -0.051298  0.115210  1.000000

[32 rows x 32 columns]


[92mSALVO COM SUCESSO!

			[36mENCAMINHAMENTO: /home/sifapsc/scripts/matheus/RS_saude_precisao/resultados/porto_alegre/correlacoes/

			NOME DO ARQUIVO: matriz_correlacao_spearman_IAM4_top20_Porto_Alegre.pdf[0m

Traceback (most recent call last):
  File "/home/sifapsc/scripts/matheus/RS_saude_precisao/correlacoes_top20.py", line 131, in <module>
    arquivox.set_index("data", inplace = True)
  File "/home/sifapsc/miniconda3/envs/biometeoro/lib/python3.12/site-packages/pandas/core/frame.py", line 6122, in set_index
    raise KeyError(f"None of {missing} are in the columns")
KeyError: "None of ['data'] are in the columns"
